# JRE version: OpenJDK Runtime Environment (17.0.11) (build 17.0.11+0--11852314)
# Java VM: OpenJDK 64-Bit Server VM (17.0.11+0--11852314, mixed mode, tiered, compressed oops, compressed class ptrs, g1 gc, windows-amd64)
GC Precious Log:
 CPUs: 8 total, 8 available
 Memory: 6060M
 Large Page Support: Disabled
 NUMA Support: Disabled
 Compressed Oops: Enabled (32-bit)
 Heap Region Size: 1M
 Heap Min Capacity: 8M
 Heap Initial Capacity: 96M
 Heap Max Capacity: 2G
 Pre-touch: Disabled
 Parallel Workers: 8
 Concurrent Workers: 2
 Concurrent Refinement Workers: 8
 Periodic GC: Disabled
Heap:
 garbage-first heap   total 470016K, used 329385K [0x0000000080000000, 0x0000000100000000)
  region size 1024K, 20 young (20480K), 7 survivors (7168K)
 Metaspace       used 114477K, committed 115328K, reserved 1179648K
  class space    used 15701K, committed 16128K, reserved 1048576K
GC Heap History (20 events):
Event: 65.111 GC heap before
{Heap before GC invocations=64 (full 0):
 garbage-first heap   total 295936K, used 197785K [0x0000000080000000, 0x0000000100000000)
  region size 1024K, 14 young (14336K), 5 survivors (5120K)
 Metaspace       used 111130K, committed 112000K, reserved 1179648K
  class space    used 15201K, committed 15616K, reserved 1048576K
}
Event: 65.120 GC heap after
{Heap after GC invocations=65 (full 0):
 garbage-first heap   total 295936K, used 192686K [0x0000000080000000, 0x0000000100000000)
  region size 1024K, 2 young (2048K), 2 survivors (2048K)
 Metaspace       used 111130K, committed 112000K, reserved 1179648K
  class space    used 15201K, committed 15616K, reserved 1048576K
}
Event: 66.064 GC heap before
{Heap before GC invocations=65 (full 0):
 garbage-first heap   total 295936K, used 203950K [0x0000000080000000, 0x0000000100000000)
  region size 1024K, 14 young (14336K), 2 survivors (2048K)
 Metaspace       used 112698K, committed 113600K, reserved 1179648K
  class space    used 15435K, committed 15872K, reserved 1048576K
}
Event: 66.070 GC heap after
{Heap after GC invocations=66 (full 0):
 garbage-first heap   total 295936K, used 190052K [0x0000000080000000, 0x0000000100000000)
  region size 1024K, 2 young (2048K), 2 survivors (2048K)
 Metaspace       used 112698K, committed 113600K, reserved 1179648K
  class space    used 15435K, committed 15872K, reserved 1048576K
}
Event: 66.878 GC heap before
{Heap before GC invocations=66 (full 0):
 garbage-first heap   total 295936K, used 270948K [0x0000000080000000, 0x0000000100000000)
  region size 1024K, 27 young (27648K), 2 survivors (2048K)
 Metaspace       used 114222K, committed 115136K, reserved 1179648K
  class space    used 15658K, committed 16128K, reserved 1048576K
}
Event: 66.885 GC heap after
{Heap after GC invocations=67 (full 0):
 garbage-first heap   total 295936K, used 230707K [0x0000000080000000, 0x0000000100000000)
  region size 1024K, 6 young (6144K), 6 survivors (6144K)
 Metaspace       used 114222K, committed 115136K, reserved 1179648K
  class space    used 15658K, committed 16128K, reserved 1048576K
}
Event: 66.900 GC heap before
{Heap before GC invocations=67 (full 0):
 garbage-first heap   total 295936K, used 248115K [0x0000000080000000, 0x0000000100000000)
  region size 1024K, 7 young (7168K), 6 survivors (6144K)
 Metaspace       used 114222K, committed 115136K, reserved 1179648K
  class space    used 15658K, committed 16128K, reserved 1048576K
}
Event: 66.907 GC heap after
{Heap after GC invocations=68 (full 0):
 garbage-first heap   total 295936K, used 248300K [0x0000000080000000, 0x0000000100000000)
  region size 1024K, 1 young (1024K), 1 survivors (1024K)
 Metaspace       used 114222K, committed 115136K, reserved 1179648K
  class space    used 15658K, committed 16128K, reserved 1048576K
}
Event: 68.134 GC heap before
{Heap before GC invocations=69 (full 0):
 garbage-first heap   total 470016K, used 329196K [0x0000000080000000, 0x0000000100000000)
  region size 1024K, 14 young (14336K), 1 survivors (1024K)
 Metaspace       used 114441K, committed 115328K, reserved 1179648K
  class space    used 15699K, committed 16128K, reserved 1048576K
}
Event: 68.141 GC heap after
{Heap after GC invocations=70 (full 0):
 garbage-first heap   total 470016K, used 259517K [0x0000000080000000, 0x0000000100000000)
  region size 1024K, 2 young (2048K), 2 survivors (2048K)
 Metaspace       used 114441K, committed 115328K, reserved 1179648K
  class space    used 15699K, committed 16128K, reserved 1048576K
}
Event: 68.545 GC heap before
{Heap before GC invocations=70 (full 0):
 garbage-first heap   total 470016K, used 278973K [0x0000000080000000, 0x0000000100000000)
  region size 1024K, 22 young (22528K), 2 survivors (2048K)
 Metaspace       used 114454K, committed 115328K, reserved 1179648K
  class space    used 15699K, committed 16128K, reserved 1048576K
}
Event: 68.568 GC heap after
{Heap after GC invocations=71 (full 0):
 garbage-first heap   total 470016K, used 265436K [0x0000000080000000, 0x0000000100000000)
  region size 1024K, 3 young (3072K), 3 survivors (3072K)
 Metaspace       used 114454K, committed 115328K, reserved 1179648K
  class space    used 15699K, committed 16128K, reserved 1048576K
}
Event: 68.769 GC heap before
{Heap before GC invocations=71 (full 0):
 garbage-first heap   total 470016K, used 276700K [0x0000000080000000, 0x0000000100000000)
  region size 1024K, 16 young (16384K), 3 survivors (3072K)
 Metaspace       used 114454K, committed 115328K, reserved 1179648K
  class space    used 15699K, committed 16128K, reserved 1048576K
}
Event: 68.786 GC heap after
{Heap after GC invocations=72 (full 0):
 garbage-first heap   total 470016K, used 270510K [0x0000000080000000, 0x0000000100000000)
  region size 1024K, 8 young (8192K), 8 survivors (8192K)
 Metaspace       used 114454K, committed 115328K, reserved 1179648K
  class space    used 15699K, committed 16128K, reserved 1048576K
}
Event: 70.592 GC heap before
{Heap before GC invocations=73 (full 0):
 garbage-first heap   total 470016K, used 371886K [0x0000000080000000, 0x0000000100000000)
  region size 1024K, 96 young (98304K), 8 survivors (8192K)
 Metaspace       used 114458K, committed 115328K, reserved 1179648K
  class space    used 15699K, committed 16128K, reserved 1048576K
}
Event: 70.657 GC heap after
{Heap after GC invocations=74 (full 0):
 garbage-first heap   total 470016K, used 305391K [0x0000000080000000, 0x0000000100000000)
  region size 1024K, 12 young (12288K), 12 survivors (12288K)
 Metaspace       used 114458K, committed 115328K, reserved 1179648K
  class space    used 15699K, committed 16128K, reserved 1048576K
}
Event: 70.830 GC heap before
{Heap before GC invocations=74 (full 0):
 garbage-first heap   total 470016K, used 317679K [0x0000000080000000, 0x0000000100000000)
  region size 1024K, 22 young (22528K), 12 survivors (12288K)
 Metaspace       used 114475K, committed 115328K, reserved 1179648K
  class space    used 15701K, committed 16128K, reserved 1048576K
}
Event: 70.873 GC heap after
{Heap after GC invocations=75 (full 0):
 garbage-first heap   total 470016K, used 311751K [0x0000000080000000, 0x0000000100000000)
  region size 1024K, 3 young (3072K), 3 survivors (3072K)
 Metaspace       used 114475K, committed 115328K, reserved 1179648K
  class space    used 15701K, committed 16128K, reserved 1048576K
}
Event: 70.926 GC heap before
{Heap before GC invocations=75 (full 0):
 garbage-first heap   total 470016K, used 318919K [0x0000000080000000, 0x0000000100000000)
  region size 1024K, 11 young (11264K), 3 survivors (3072K)
 Metaspace       used 114475K, committed 115328K, reserved 1179648K
  class space    used 15701K, committed 16128K, reserved 1048576K
}
Event: 70.945 GC heap after
{Heap after GC invocations=76 (full 0):
 garbage-first heap   total 470016K, used 315049K [0x0000000080000000, 0x0000000100000000)
  region size 1024K, 7 young (7168K), 7 survivors (7168K)
 Metaspace       used 114475K, committed 115328K, reserved 1179648K
  class space    used 15701K, committed 16128K, reserved 1048576K
}

