# JRE version: OpenJDK Runtime Environment (17.0.11) (build 17.0.11+0--11852314)
# Java VM: OpenJDK 64-Bit Server VM (17.0.11+0--11852314, mixed mode, tiered, compressed oops, compressed class ptrs, g1 gc, windows-amd64)
GC Precious Log:
 CPUs: 8 total, 8 available
 Memory: 6060M
 Large Page Support: Disabled
 NUMA Support: Disabled
 Compressed Oops: Enabled (32-bit)
 Heap Region Size: 1M
 Heap Min Capacity: 8M
 Heap Initial Capacity: 96M
 Heap Max Capacity: 2G
 Pre-touch: Disabled
 Parallel Workers: 8
 Concurrent Workers: 2
 Concurrent Refinement Workers: 8
 Periodic GC: Disabled
Heap:
 garbage-first heap   total 294912K, used 275651K [0x0000000080000000, 0x0000000100000000)
  region size 1024K, 2 young (2048K), 1 survivors (1024K)
 Metaspace       used 114227K, committed 115072K, reserved 1179648K
  class space    used 15653K, committed 16064K, reserved 1048576K
GC Heap History (20 events):
Event: 64.113 GC heap before
{Heap before GC invocations=42 (full 0):
 garbage-first heap   total 184320K, used 151552K [0x0000000080000000, 0x0000000100000000)
  region size 1024K, 46 young (47104K), 4 survivors (4096K)
 Metaspace       used 106120K, committed 106944K, reserved 1179648K
  class space    used 14512K, committed 14912K, reserved 1048576K
}
Event: 64.124 GC heap after
{Heap after GC invocations=43 (full 0):
 garbage-first heap   total 184320K, used 111998K [0x0000000080000000, 0x0000000100000000)
  region size 1024K, 5 young (5120K), 5 survivors (5120K)
 Metaspace       used 106120K, committed 106944K, reserved 1179648K
  class space    used 14512K, committed 14912K, reserved 1048576K
}
Event: 65.637 GC heap before
{Heap before GC invocations=43 (full 0):
 garbage-first heap   total 184320K, used 151934K [0x0000000080000000, 0x0000000100000000)
  region size 1024K, 45 young (46080K), 5 survivors (5120K)
 Metaspace       used 106375K, committed 107136K, reserved 1179648K
  class space    used 14543K, committed 14912K, reserved 1048576K
}
Event: 65.647 GC heap after
{Heap after GC invocations=44 (full 0):
 garbage-first heap   total 184320K, used 113753K [0x0000000080000000, 0x0000000100000000)
  region size 1024K, 5 young (5120K), 5 survivors (5120K)
 Metaspace       used 106375K, committed 107136K, reserved 1179648K
  class space    used 14543K, committed 14912K, reserved 1048576K
}
Event: 68.268 GC heap before
{Heap before GC invocations=44 (full 0):
 garbage-first heap   total 184320K, used 152665K [0x0000000080000000, 0x0000000100000000)
  region size 1024K, 44 young (45056K), 5 survivors (5120K)
 Metaspace       used 108937K, committed 109696K, reserved 1179648K
  class space    used 14861K, committed 15232K, reserved 1048576K
}
Event: 68.279 GC heap after
{Heap after GC invocations=45 (full 0):
 garbage-first heap   total 184320K, used 117519K [0x0000000080000000, 0x0000000100000000)
  region size 1024K, 6 young (6144K), 6 survivors (6144K)
 Metaspace       used 108937K, committed 109696K, reserved 1179648K
  class space    used 14861K, committed 15232K, reserved 1048576K
}
Event: 69.245 GC heap before
{Heap before GC invocations=45 (full 0):
 garbage-first heap   total 184320K, used 151311K [0x0000000080000000, 0x0000000100000000)
  region size 1024K, 40 young (40960K), 6 survivors (6144K)
 Metaspace       used 110280K, committed 111104K, reserved 1179648K
  class space    used 15051K, committed 15488K, reserved 1048576K
}
Event: 69.257 GC heap after
{Heap after GC invocations=46 (full 0):
 garbage-first heap   total 184320K, used 119203K [0x0000000080000000, 0x0000000100000000)
  region size 1024K, 4 young (4096K), 4 survivors (4096K)
 Metaspace       used 110280K, committed 111104K, reserved 1179648K
  class space    used 15051K, committed 15488K, reserved 1048576K
}
Event: 70.065 GC heap before
{Heap before GC invocations=46 (full 0):
 garbage-first heap   total 184320K, used 152995K [0x0000000080000000, 0x0000000100000000)
  region size 1024K, 38 young (38912K), 4 survivors (4096K)
 Metaspace       used 110674K, committed 111552K, reserved 1179648K
  class space    used 15119K, committed 15552K, reserved 1048576K
}
Event: 70.073 GC heap after
{Heap after GC invocations=47 (full 0):
 garbage-first heap   total 184320K, used 120615K [0x0000000080000000, 0x0000000100000000)
  region size 1024K, 4 young (4096K), 4 survivors (4096K)
 Metaspace       used 110674K, committed 111552K, reserved 1179648K
  class space    used 15119K, committed 15552K, reserved 1048576K
}
Event: 71.489 GC heap before
{Heap before GC invocations=47 (full 0):
 garbage-first heap   total 184320K, used 160551K [0x0000000080000000, 0x0000000100000000)
  region size 1024K, 32 young (32768K), 4 survivors (4096K)
 Metaspace       used 111082K, committed 111872K, reserved 1179648K
  class space    used 15172K, committed 15552K, reserved 1048576K
}
Event: 71.500 GC heap after
{Heap after GC invocations=48 (full 0):
 garbage-first heap   total 184320K, used 138883K [0x0000000080000000, 0x0000000100000000)
  region size 1024K, 5 young (5120K), 5 survivors (5120K)
 Metaspace       used 111082K, committed 111872K, reserved 1179648K
  class space    used 15172K, committed 15552K, reserved 1048576K
}
Event: 72.880 GC heap before
{Heap before GC invocations=49 (full 0):
 garbage-first heap   total 288768K, used 194179K [0x0000000080000000, 0x0000000100000000)
  region size 1024K, 14 young (14336K), 5 survivors (5120K)
 Metaspace       used 111822K, committed 112640K, reserved 1179648K
  class space    used 15285K, committed 15680K, reserved 1048576K
}
Event: 72.887 GC heap after
{Heap after GC invocations=50 (full 0):
 garbage-first heap   total 288768K, used 188518K [0x0000000080000000, 0x0000000100000000)
  region size 1024K, 2 young (2048K), 2 survivors (2048K)
 Metaspace       used 111822K, committed 112640K, reserved 1179648K
  class space    used 15285K, committed 15680K, reserved 1048576K
}
Event: 73.795 GC heap before
{Heap before GC invocations=50 (full 0):
 garbage-first heap   total 288768K, used 199782K [0x0000000080000000, 0x0000000100000000)
  region size 1024K, 14 young (14336K), 2 survivors (2048K)
 Metaspace       used 113372K, committed 114240K, reserved 1179648K
  class space    used 15522K, committed 15936K, reserved 1048576K
}
Event: 73.803 GC heap after
{Heap after GC invocations=51 (full 0):
 garbage-first heap   total 288768K, used 186907K [0x0000000080000000, 0x0000000100000000)
  region size 1024K, 1 young (1024K), 1 survivors (1024K)
 Metaspace       used 113372K, committed 114240K, reserved 1179648K
  class space    used 15522K, committed 15936K, reserved 1048576K
}
Event: 74.830 GC heap before
{Heap before GC invocations=51 (full 0):
 garbage-first heap   total 288768K, used 262683K [0x0000000080000000, 0x0000000100000000)
  region size 1024K, 21 young (21504K), 1 survivors (1024K)
 Metaspace       used 114227K, committed 115072K, reserved 1179648K
  class space    used 15653K, committed 16064K, reserved 1048576K
}
Event: 74.837 GC heap after
{Heap after GC invocations=52 (full 0):
 garbage-first heap   total 288768K, used 228156K [0x0000000080000000, 0x0000000100000000)
  region size 1024K, 5 young (5120K), 5 survivors (5120K)
 Metaspace       used 114227K, committed 115072K, reserved 1179648K
  class space    used 15653K, committed 16064K, reserved 1048576K
}
Event: 74.940 GC heap before
{Heap before GC invocations=52 (full 0):
 garbage-first heap   total 288768K, used 245564K [0x0000000080000000, 0x0000000100000000)
  region size 1024K, 6 young (6144K), 5 survivors (5120K)
 Metaspace       used 114227K, committed 115072K, reserved 1179648K
  class space    used 15653K, committed 16064K, reserved 1048576K
}
Event: 74.948 GC heap after
{Heap after GC invocations=53 (full 0):
 garbage-first heap   total 288768K, used 244931K [0x0000000080000000, 0x0000000100000000)
  region size 1024K, 1 young (1024K), 1 survivors (1024K)
 Metaspace       used 114227K, committed 115072K, reserved 1179648K
  class space    used 15653K, committed 16064K, reserved 1048576K
}

