# JRE version: OpenJDK Runtime Environment (17.0.11) (build 17.0.11+0--11852314)
# Java VM: OpenJDK 64-Bit Server VM (17.0.11+0--11852314, mixed mode, tiered, compressed oops, compressed class ptrs, g1 gc, windows-amd64)
GC Precious Log:
 CPUs: 8 total, 8 available
 Memory: 6060M
 Large Page Support: Disabled
 NUMA Support: Disabled
 Compressed Oops: Enabled (32-bit)
 Heap Region Size: 1M
 Heap Min Capacity: 8M
 Heap Initial Capacity: 96M
 Heap Max Capacity: 2G
 Pre-touch: Disabled
 Parallel Workers: 8
 Concurrent Workers: 2
 Concurrent Refinement Workers: 8
 Periodic GC: Disabled
Heap:
 garbage-first heap   total 242688K, used 152612K [0x0000000080000000, 0x0000000100000000)
  region size 1024K, 36 young (36864K), 2 survivors (2048K)
 Metaspace       used 119816K, committed 120896K, reserved 1179648K
  class space    used 15981K, committed 16512K, reserved 1048576K
GC Heap History (20 events):
Event: 1535.384 GC heap before
{Heap before GC invocations=65 (full 0):
 garbage-first heap   total 239616K, used 149425K [0x0000000080000000, 0x0000000100000000)
  region size 1024K, 11 young (11264K), 6 survivors (6144K)
 Metaspace       used 113775K, committed 114688K, reserved 1179648K
  class space    used 15193K, committed 15616K, reserved 1048576K
}
Event: 1535.479 GC heap after
{Heap after GC invocations=66 (full 0):
 garbage-first heap   total 239616K, used 133584K [0x0000000080000000, 0x0000000100000000)
  region size 1024K, 1 young (1024K), 1 survivors (1024K)
 Metaspace       used 113775K, committed 114688K, reserved 1179648K
  class space    used 15193K, committed 15616K, reserved 1048576K
}
Event: 1760.324 GC heap before
{Heap before GC invocations=66 (full 0):
 garbage-first heap   total 239616K, used 195024K [0x0000000080000000, 0x0000000100000000)
  region size 1024K, 61 young (62464K), 1 survivors (1024K)
 Metaspace       used 114017K, committed 114880K, reserved 1179648K
  class space    used 15203K, committed 15616K, reserved 1048576K
}
Event: 1760.371 GC heap after
{Heap after GC invocations=67 (full 0):
 garbage-first heap   total 239616K, used 139936K [0x0000000080000000, 0x0000000100000000)
  region size 1024K, 7 young (7168K), 7 survivors (7168K)
 Metaspace       used 114017K, committed 114880K, reserved 1179648K
  class space    used 15203K, committed 15616K, reserved 1048576K
}
Event: 1803.495 GC heap before
{Heap before GC invocations=67 (full 0):
 garbage-first heap   total 239616K, used 196256K [0x0000000080000000, 0x0000000100000000)
  region size 1024K, 62 young (63488K), 7 survivors (7168K)
 Metaspace       used 114311K, committed 115328K, reserved 1179648K
  class space    used 15241K, committed 15744K, reserved 1048576K
}
Event: 1803.537 GC heap after
{Heap after GC invocations=68 (full 0):
 garbage-first heap   total 239616K, used 144688K [0x0000000080000000, 0x0000000100000000)
  region size 1024K, 6 young (6144K), 6 survivors (6144K)
 Metaspace       used 114311K, committed 115328K, reserved 1179648K
  class space    used 15241K, committed 15744K, reserved 1048576K
}
Event: 2367.091 GC heap before
{Heap before GC invocations=69 (full 0):
 garbage-first heap   total 242688K, used 194864K [0x0000000080000000, 0x0000000100000000)
  region size 1024K, 57 young (58368K), 6 survivors (6144K)
 Metaspace       used 114447K, committed 115456K, reserved 1179648K
  class space    used 15246K, committed 15744K, reserved 1048576K
}
Event: 2367.200 GC heap after
{Heap after GC invocations=70 (full 0):
 garbage-first heap   total 242688K, used 147817K [0x0000000080000000, 0x0000000100000000)
  region size 1024K, 5 young (5120K), 5 survivors (5120K)
 Metaspace       used 114447K, committed 115456K, reserved 1179648K
  class space    used 15246K, committed 15744K, reserved 1048576K
}
Event: 2367.686 GC heap before
{Heap before GC invocations=70 (full 0):
 garbage-first heap   total 242688K, used 153961K [0x0000000080000000, 0x0000000100000000)
  region size 1024K, 11 young (11264K), 5 survivors (5120K)
 Metaspace       used 114470K, committed 115456K, reserved 1179648K
  class space    used 15246K, committed 15744K, reserved 1048576K
}
Event: 2367.737 GC heap after
{Heap after GC invocations=71 (full 0):
 garbage-first heap   total 242688K, used 128272K [0x0000000080000000, 0x0000000100000000)
  region size 1024K, 2 young (2048K), 2 survivors (2048K)
 Metaspace       used 114470K, committed 115456K, reserved 1179648K
  class space    used 15246K, committed 15744K, reserved 1048576K
}
Event: 2368.657 GC heap before
{Heap before GC invocations=71 (full 0):
 garbage-first heap   total 242688K, used 137488K [0x0000000080000000, 0x0000000100000000)
  region size 1024K, 11 young (11264K), 2 survivors (2048K)
 Metaspace       used 114517K, committed 115520K, reserved 1179648K
  class space    used 15246K, committed 15744K, reserved 1048576K
}
Event: 2368.706 GC heap after
{Heap after GC invocations=72 (full 0):
 garbage-first heap   total 242688K, used 126951K [0x0000000080000000, 0x0000000100000000)
  region size 1024K, 2 young (2048K), 2 survivors (2048K)
 Metaspace       used 114517K, committed 115520K, reserved 1179648K
  class space    used 15246K, committed 15744K, reserved 1048576K
}
Event: 2373.410 GC heap before
{Heap before GC invocations=72 (full 0):
 garbage-first heap   total 242688K, used 196583K [0x0000000080000000, 0x0000000100000000)
  region size 1024K, 71 young (72704K), 2 survivors (2048K)
 Metaspace       used 117000K, committed 118016K, reserved 1179648K
  class space    used 15547K, committed 16000K, reserved 1048576K
}
Event: 2373.445 GC heap after
{Heap after GC invocations=73 (full 0):
 garbage-first heap   total 242688K, used 135089K [0x0000000080000000, 0x0000000100000000)
  region size 1024K, 9 young (9216K), 9 survivors (9216K)
 Metaspace       used 117000K, committed 118016K, reserved 1179648K
  class space    used 15547K, committed 16000K, reserved 1048576K
}
Event: 2597.062 GC heap before
{Heap before GC invocations=74 (full 0):
 garbage-first heap   total 242688K, used 191409K [0x0000000080000000, 0x0000000100000000)
  region size 1024K, 71 young (72704K), 9 survivors (9216K)
 Metaspace       used 119583K, committed 120704K, reserved 1179648K
  class space    used 15960K, committed 16512K, reserved 1048576K
}
Event: 2597.265 GC heap after
{Heap after GC invocations=75 (full 0):
 garbage-first heap   total 242688K, used 131691K [0x0000000080000000, 0x0000000100000000)
  region size 1024K, 3 young (3072K), 3 survivors (3072K)
 Metaspace       used 119583K, committed 120704K, reserved 1179648K
  class space    used 15960K, committed 16512K, reserved 1048576K
}
Event: 2600.865 GC heap before
{Heap before GC invocations=75 (full 0):
 garbage-first heap   total 242688K, used 138859K [0x0000000080000000, 0x0000000100000000)
  region size 1024K, 11 young (11264K), 3 survivors (3072K)
 Metaspace       used 119624K, committed 120704K, reserved 1179648K
  class space    used 15966K, committed 16512K, reserved 1048576K
}
Event: 2600.971 GC heap after
{Heap after GC invocations=76 (full 0):
 garbage-first heap   total 242688K, used 117968K [0x0000000080000000, 0x0000000100000000)
  region size 1024K, 2 young (2048K), 2 survivors (2048K)
 Metaspace       used 119624K, committed 120704K, reserved 1179648K
  class space    used 15966K, committed 16512K, reserved 1048576K
}
Event: 2602.641 GC heap before
{Heap before GC invocations=76 (full 0):
 garbage-first heap   total 242688K, used 127184K [0x0000000080000000, 0x0000000100000000)
  region size 1024K, 11 young (11264K), 2 survivors (2048K)
 Metaspace       used 119637K, committed 120704K, reserved 1179648K
  class space    used 15966K, committed 16512K, reserved 1048576K
}
Event: 2602.670 GC heap after
{Heap after GC invocations=77 (full 0):
 garbage-first heap   total 242688K, used 118820K [0x0000000080000000, 0x0000000100000000)
  region size 1024K, 2 young (2048K), 2 survivors (2048K)
 Metaspace       used 119637K, committed 120704K, reserved 1179648K
  class space    used 15966K, committed 16512K, reserved 1048576K
}

